<?xml version="1.0" encoding="UTF-8"?>
<!-- Generated by org.testng.reporters.JUnitXMLReporter -->
<testsuite ignored="2" hostname="LAPTOP-I0PE52NF" failures="0" tests="1" name="Default test" time="20.81" errors="0" timestamp="2025-01-31T13:54:42 IST">
  <testcase classname="com.comcast.crm.contacttest.CreateContactsTest" name="createContactTest" time="9.459"/>
  <testcase classname="com.comcast.crm.contacttest.CreateContactsTest" name="createContactWithOrgTest" time="0.0">
    <ignored/>
  </testcase> <!-- createContactWithOrgTest -->
  <testcase classname="com.comcast.crm.contacttest.CreateContactsTest" name="createContactWithSupportDate" time="0.0">
    <ignored/>
  </testcase> <!-- createContactWithSupportDate -->
</testsuite> <!-- Default test -->
