<?xml version="1.0" encoding="UTF-8"?>
<!-- Generated by org.testng.reporters.JUnitXMLReporter -->
<testsuite ignored="0" hostname="LAPTOP-I0PE52NF" failures="0" tests="3" name="Default test" time="31.559" errors="0" timestamp="2025-01-27T16:13:14 IST">
  <testcase classname="com.comcast.crm.orgtest.CreateOrgTest" name="CreateORgTest" time="6.913"/>
  <testcase classname="com.comcast.crm.orgtest.CreateOrgTest" name="CreateOrgWithIndTest" time="4.738"/>
  <testcase classname="com.comcast.crm.orgtest.CreateOrgTest" name="CreateOrgWithPhoneNoTest" time="4.508"/>
</testsuite> <!-- Default test -->
