<?xml version="1.0" encoding="UTF-8"?>
<testng-results ignored="0" total="1" passed="1" failed="0" skipped="0">
  <reporter-output>
  </reporter-output>
  <suite started-at="2025-01-15T00:28:53 IST" name="Surefire suite" finished-at="2025-01-15T00:28:59 IST" duration-ms="6098">
    <groups>
    </groups>
    <test started-at="2025-01-15T00:28:53 IST" name="Surefire test" finished-at="2025-01-15T00:28:59 IST" duration-ms="6098">
      <class name="basicprograms.ReadRunTimeMavenTest2">
        <test-method signature="signup()[pri:0, instance:basicprograms.ReadRunTimeMavenTest2@30b7c004]" started-at="2025-01-15T00:28:53 IST" name="signup" finished-at="2025-01-15T00:28:59 IST" duration-ms="6015" status="PASS">
          <reporter-output>
          </reporter-output>
        </test-method> <!-- signup -->
      </class> <!-- basicprograms.ReadRunTimeMavenTest2 -->
    </test> <!-- Surefire test -->
  </suite> <!-- Surefire suite -->
</testng-results>
