<?xml version="1.0" encoding="UTF-8"?>
<!-- Generated by org.testng.reporters.JUnitXMLReporter -->
<testsuite ignored="2" hostname="LAPTOP-I0PE52NF" failures="0" tests="6" name="TestRunner-Chrome" time="73.816" errors="0" timestamp="2025-01-21T15:59:37 IST">
  <testcase classname="com.comcast.crm.contacttest.CreateContactsTest" name="createContactTest" time="9.373"/>
  <testcase classname="com.comcast.crm.contacttest.CreateContactsTest" name="createContactWithOrgTest" time="11.26"/>
  <testcase classname="com.comcast.crm.contacttest.CreateContactsTest" name="createContactWithSupportDate" time="4.137"/>
  <testcase classname="com.comcast.crm.orgtest.CreateOrgTest" name="CreateORgTest" time="5.993"/>
  <testcase classname="com.comcast.crm.orgtest.CreateOrgTest" name="CreateOrgWithIndTest" time="4.845"/>
  <testcase classname="com.comcast.crm.orgtest.CreateOrgTest" name="CreateOrgWithPhoneNoTest" time="4.764"/>
  <testcase classname="com.comcast.crm.basetest.BaseClass" name="@BeforeSuite configBS" time="0.0">
    <ignored/>
  </testcase> <!-- @BeforeSuite configBS -->
  <testcase classname="com.comcast.crm.basetest.BaseClass" name="@AfterSuite configAS" time="0.0">
    <ignored/>
  </testcase> <!-- @AfterSuite configAS -->
</testsuite> <!-- TestRunner-Chrome -->
