<?xml version="1.0" encoding="UTF-8"?>
<!-- Generated by org.testng.reporters.JUnitXMLReporter -->
<testsuite ignored="0" hostname="LAPTOP-I0PE52NF" failures="1" tests="1" name="Test" time="3.983" errors="0" timestamp="2025-01-28T10:27:01 IST">
  <testcase classname="practice.testng.SampleReportTest" name="createContactTest" time="3.726">
    <failure type="java.lang.NullPointerException" message="Cannot invoke &amp;quot;com.aventstack.extentreports.ExtentReports.createTest(String)&amp;quot; because &amp;quot;this.report&amp;quot; is null">
      <![CDATA[java.lang.NullPointerException: Cannot invoke "com.aventstack.extentreports.ExtentReports.createTest(String)" because "this.report" is null
at practice.testng.SampleReportTest.createContactTest(SampleReportTest.java:42)
at java.base/java.util.ArrayList.forEach(ArrayList.java:1511)
... Removed 27 stack frames]]>
    </failure>
  </testcase> <!-- createContactTest -->
</testsuite> <!-- Test -->
