<?xml version="1.0" encoding="UTF-8"?>
<!-- Generated by org.testng.reporters.JUnitXMLReporter -->
<testsuite ignored="1" hostname="LAPTOP-I0PE52NF" failures="1" tests="1" name="Default test(failed)" time="13.463" errors="0" timestamp="2025-01-22T20:08:46 IST">
  <testcase classname="practice.testng.ProductOrderTest" name="createOrderTest" time="0.077">
    <failure type="java.lang.AssertionError" message="expected [Login] but found [Administrator - Home - vtiger CRM 5 - Commercial Open Source CRM]">
      <![CDATA[java.lang.AssertionError: expected [Login] but found [Administrator - Home - vtiger CRM 5 - Commercial Open Source CRM]
at practice.testng.ProductOrderTest.createOrderTest(ProductOrderTest.java:17)
at java.base/java.util.ArrayList.forEach(ArrayList.java:1511)
... Removed 33 stack frames]]>
    </failure>
  </testcase> <!-- createOrderTest -->
  <testcase classname="practice.testng.ProductOrderTest" name="createOrderWithContactTest" time="0.0">
    <ignored/>
  </testcase> <!-- createOrderWithContactTest -->
</testsuite> <!-- Default test(failed) -->
