<?xml version="1.0" encoding="UTF-8"?>
<testng-results ignored="0" total="1" passed="1" failed="0" skipped="0">
  <reporter-output>
  </reporter-output>
  <suite started-at="2025-01-31T13:54:22 IST" name="Default suite" finished-at="2025-01-31T13:54:42 IST" duration-ms="20810">
    <groups>
      <group name="smokeTest">
        <method signature="CreateContactsTest.createContactTest()[pri:0, instance:com.comcast.crm.contacttest.CreateContactsTest@bcec361]" name="createContactTest" class="com.comcast.crm.contacttest.CreateContactsTest"/>
      </group> <!-- smokeTest -->
    </groups>
    <test started-at="2025-01-31T13:54:22 IST" name="Default test" finished-at="2025-01-31T13:54:42 IST" duration-ms="20810">
      <class name="com.comcast.crm.contacttest.CreateContactsTest">
        <test-method is-config="true" signature="configBS()[pri:0, instance:com.comcast.crm.contacttest.CreateContactsTest@bcec361]" started-at="2025-01-31T13:54:21 IST" name="configBS" finished-at="2025-01-31T13:54:22 IST" duration-ms="534" status="PASS">
          <reporter-output>
          </reporter-output>
        </test-method> <!-- configBS -->
        <test-method is-config="true" signature="configBC()[pri:0, instance:com.comcast.crm.contacttest.CreateContactsTest@bcec361]" started-at="2025-01-31T13:54:22 IST" name="configBC" finished-at="2025-01-31T13:54:26 IST" duration-ms="4523" status="PASS">
          <reporter-output>
          </reporter-output>
        </test-method> <!-- configBC -->
        <test-method is-config="true" signature="configBM()[pri:0, instance:com.comcast.crm.contacttest.CreateContactsTest@bcec361]" started-at="2025-01-31T13:54:26 IST" name="configBM" finished-at="2025-01-31T13:54:31 IST" duration-ms="4780" status="PASS">
          <reporter-output>
          </reporter-output>
        </test-method> <!-- configBM -->
        <test-method signature="createContactTest()[pri:0, instance:com.comcast.crm.contacttest.CreateContactsTest@bcec361]" started-at="2025-01-31T13:54:31 IST" name="createContactTest" finished-at="2025-01-31T13:54:40 IST" duration-ms="9459" status="PASS">
          <reporter-output>
          </reporter-output>
        </test-method> <!-- createContactTest -->
        <test-method is-config="true" signature="configAM()[pri:0, instance:com.comcast.crm.contacttest.CreateContactsTest@bcec361]" started-at="2025-01-31T13:54:40 IST" name="configAM" finished-at="2025-01-31T13:54:42 IST" duration-ms="1303" status="PASS">
          <reporter-output>
          </reporter-output>
        </test-method> <!-- configAM -->
        <test-method is-config="true" signature="configAC()[pri:0, instance:com.comcast.crm.contacttest.CreateContactsTest@bcec361]" started-at="2025-01-31T13:54:42 IST" name="configAC" finished-at="2025-01-31T13:54:42 IST" duration-ms="633" status="PASS">
          <reporter-output>
          </reporter-output>
        </test-method> <!-- configAC -->
        <test-method is-config="true" signature="configAS()[pri:0, instance:com.comcast.crm.contacttest.CreateContactsTest@bcec361]" started-at="2025-01-31T13:54:42 IST" name="configAS" finished-at="2025-01-31T13:54:42 IST" duration-ms="1" status="PASS">
          <reporter-output>
          </reporter-output>
        </test-method> <!-- configAS -->
      </class> <!-- com.comcast.crm.contacttest.CreateContactsTest -->
    </test> <!-- Default test -->
  </suite> <!-- Default suite -->
</testng-results>
