<?xml version="1.0" encoding="UTF-8"?>
<testng-results ignored="0" total="3" passed="3" failed="0" skipped="0">
  <reporter-output>
  </reporter-output>
  <suite started-at="2025-01-27T16:12:43 IST" name="Default suite" finished-at="2025-01-27T16:13:14 IST" duration-ms="31559">
    <groups>
      <group name="regressionTest">
        <method signature="CreateOrgTest.CreateOrgWithIndTest()[pri:0, instance:com.comcast.crm.orgtest.CreateOrgTest@3febb011]" name="CreateOrgWithIndTest" class="com.comcast.crm.orgtest.CreateOrgTest"/>
        <method signature="CreateOrgTest.CreateOrgWithPhoneNoTest()[pri:0, instance:com.comcast.crm.orgtest.CreateOrgTest@3febb011]" name="CreateOrgWithPhoneNoTest" class="com.comcast.crm.orgtest.CreateOrgTest"/>
      </group> <!-- regressionTest -->
      <group name="smokeTest">
        <method signature="CreateOrgTest.CreateORgTest()[pri:0, instance:com.comcast.crm.orgtest.CreateOrgTest@3febb011]" name="CreateORgTest" class="com.comcast.crm.orgtest.CreateOrgTest"/>
      </group> <!-- smokeTest -->
    </groups>
    <test started-at="2025-01-27T16:12:43 IST" name="Default test" finished-at="2025-01-27T16:13:14 IST" duration-ms="31559">
      <class name="com.comcast.crm.orgtest.CreateOrgTest">
        <test-method is-config="true" signature="configBS()[pri:0, instance:com.comcast.crm.orgtest.CreateOrgTest@3febb011]" started-at="2025-01-27T16:12:42 IST" name="configBS" finished-at="2025-01-27T16:12:43 IST" duration-ms="393" status="PASS">
          <reporter-output>
          </reporter-output>
        </test-method> <!-- configBS -->
        <test-method is-config="true" signature="configBC()[pri:0, instance:com.comcast.crm.orgtest.CreateOrgTest@3febb011]" started-at="2025-01-27T16:12:43 IST" name="configBC" finished-at="2025-01-27T16:12:47 IST" duration-ms="3628" status="PASS">
          <reporter-output>
          </reporter-output>
        </test-method> <!-- configBC -->
        <test-method is-config="true" signature="configBM()[pri:0, instance:com.comcast.crm.orgtest.CreateOrgTest@3febb011]" started-at="2025-01-27T16:12:47 IST" name="configBM" finished-at="2025-01-27T16:12:51 IST" duration-ms="4699" status="PASS">
          <reporter-output>
          </reporter-output>
        </test-method> <!-- configBM -->
        <test-method signature="CreateORgTest()[pri:0, instance:com.comcast.crm.orgtest.CreateOrgTest@3febb011]" started-at="2025-01-27T16:12:51 IST" name="CreateORgTest" finished-at="2025-01-27T16:12:58 IST" duration-ms="6913" status="PASS">
          <reporter-output>
          </reporter-output>
        </test-method> <!-- CreateORgTest -->
        <test-method is-config="true" signature="configAM()[pri:0, instance:com.comcast.crm.orgtest.CreateOrgTest@3febb011]" started-at="2025-01-27T16:12:58 IST" name="configAM" finished-at="2025-01-27T16:12:59 IST" duration-ms="1135" status="PASS">
          <reporter-output>
          </reporter-output>
        </test-method> <!-- configAM -->
        <test-method is-config="true" signature="configBM()[pri:0, instance:com.comcast.crm.orgtest.CreateOrgTest@3febb011]" started-at="2025-01-27T16:12:59 IST" name="configBM" finished-at="2025-01-27T16:13:01 IST" duration-ms="1883" status="PASS">
          <reporter-output>
          </reporter-output>
        </test-method> <!-- configBM -->
        <test-method signature="CreateOrgWithIndTest()[pri:0, instance:com.comcast.crm.orgtest.CreateOrgTest@3febb011]" started-at="2025-01-27T16:13:01 IST" name="CreateOrgWithIndTest" finished-at="2025-01-27T16:13:06 IST" duration-ms="4738" status="PASS">
          <reporter-output>
          </reporter-output>
        </test-method> <!-- CreateOrgWithIndTest -->
        <test-method is-config="true" signature="configAM()[pri:0, instance:com.comcast.crm.orgtest.CreateOrgTest@3febb011]" started-at="2025-01-27T16:13:06 IST" name="configAM" finished-at="2025-01-27T16:13:07 IST" duration-ms="1031" status="PASS">
          <reporter-output>
          </reporter-output>
        </test-method> <!-- configAM -->
        <test-method is-config="true" signature="configBM()[pri:0, instance:com.comcast.crm.orgtest.CreateOrgTest@3febb011]" started-at="2025-01-27T16:13:07 IST" name="configBM" finished-at="2025-01-27T16:13:08 IST" duration-ms="1379" status="PASS">
          <reporter-output>
          </reporter-output>
        </test-method> <!-- configBM -->
        <test-method signature="CreateOrgWithPhoneNoTest()[pri:0, instance:com.comcast.crm.orgtest.CreateOrgTest@3febb011]" started-at="2025-01-27T16:13:08 IST" name="CreateOrgWithPhoneNoTest" finished-at="2025-01-27T16:13:13 IST" duration-ms="4508" status="PASS">
          <reporter-output>
          </reporter-output>
        </test-method> <!-- CreateOrgWithPhoneNoTest -->
        <test-method is-config="true" signature="configAM()[pri:0, instance:com.comcast.crm.orgtest.CreateOrgTest@3febb011]" started-at="2025-01-27T16:13:13 IST" name="configAM" finished-at="2025-01-27T16:13:14 IST" duration-ms="1176" status="PASS">
          <reporter-output>
          </reporter-output>
        </test-method> <!-- configAM -->
        <test-method is-config="true" signature="configAC()[pri:0, instance:com.comcast.crm.orgtest.CreateOrgTest@3febb011]" started-at="2025-01-27T16:13:14 IST" name="configAC" finished-at="2025-01-27T16:13:14 IST" duration-ms="421" status="PASS">
          <reporter-output>
          </reporter-output>
        </test-method> <!-- configAC -->
        <test-method is-config="true" signature="configAS()[pri:0, instance:com.comcast.crm.orgtest.CreateOrgTest@3febb011]" started-at="2025-01-27T16:13:14 IST" name="configAS" finished-at="2025-01-27T16:13:14 IST" duration-ms="0" status="PASS">
          <reporter-output>
          </reporter-output>
        </test-method> <!-- configAS -->
      </class> <!-- com.comcast.crm.orgtest.CreateOrgTest -->
    </test> <!-- Default test -->
  </suite> <!-- Default suite -->
</testng-results>
