<?xml version="1.0" encoding="UTF-8"?>
<!-- Generated by org.testng.reporters.JUnitXMLReporter -->
<testsuite ignored="4" hostname="LAPTOP-I0PE52NF" failures="0" tests="6" name="DemoTest" time="0.212" errors="0" timestamp="2025-01-21T13:06:37 IST">
  <testcase classname="practice.suite.ExecutionOrder.SanityTest" name="test1" time="0.017"/>
  <testcase classname="practice.suite.ExecutionOrder.SanityTest" name="test2" time="0.005"/>
  <testcase classname="practice.suite.ExecutionOrder.SanityTest" name="test3" time="0.007"/>
  <testcase classname="practice.suite.ExecutionOrder.RegressionTest" name="test1" time="0.003"/>
  <testcase classname="practice.suite.ExecutionOrder.RegressionTest" name="test2" time="0.005"/>
  <testcase classname="practice.suite.ExecutionOrder.RegressionTest" name="test3" time="0.01"/>
  <testcase classname="practice.suite.ExecutionOrder.BaseTest" name="@AfterSuite afterSuite1" time="0.0">
    <ignored/>
  </testcase> <!-- @AfterSuite afterSuite1 -->
  <testcase classname="practice.suite.ExecutionOrder.BaseTest" name="@AfterSuite afterSuite2" time="0.0">
    <ignored/>
  </testcase> <!-- @AfterSuite afterSuite2 -->
  <testcase classname="practice.suite.ExecutionOrder.BaseTest" name="@BeforeSuite beforeSuite1" time="0.0">
    <ignored/>
  </testcase> <!-- @BeforeSuite beforeSuite1 -->
  <testcase classname="practice.suite.ExecutionOrder.BaseTest" name="@BeforeSuite beforeSuite2" time="0.0">
    <ignored/>
  </testcase> <!-- @BeforeSuite beforeSuite2 -->
</testsuite> <!-- DemoTest -->
